<?xml version="1.0" encoding="UTF-8"?>
<!-- Generated by org.testng.reporters.JUnitReportReporter -->
<testsuite skipped="0" hostname="DESKTOP-077RDC3" name="com.inetbanking.testCases.TC_LoginTest_001" tests="1" failures="0" timestamp="20 Jan 2020 11:17:47 GMT" time="2.943" errors="0">
  <testcase name="loginTest" time="2.943" classname="com.inetbanking.testCases.TC_LoginTest_001"/>
</testsuite> <!-- com.inetbanking.testCases.TC_LoginTest_001 -->
