<?xml version="1.0" encoding="UTF-8"?>
<!-- Generated by org.testng.reporters.JUnitReportReporter -->
<testsuite skipped="0" hostname="DESKTOP-16OTIR4" name="com.inetbanking.testCases.TC_AddCustomerTest_003" tests="1" failures="0" timestamp="09 Oct 2021 12:29:09 GMT" time="12.466" errors="0">
  <testcase name="addNewCustomer" time="12.466" classname="com.inetbanking.testCases.TC_AddCustomerTest_003"/>
</testsuite> <!-- com.inetbanking.testCases.TC_AddCustomerTest_003 -->
