<?xml version="1.0" encoding="UTF-8"?>
<!-- Generated by org.testng.reporters.JUnitReportReporter -->
<testsuite skipped="0" hostname="DESKTOP-16OTIR4" name="com.inetbanking.testCases.TC_LoginTest_001" tests="1" failures="0" timestamp="09 Oct 2021 12:29:09 GMT" time="1.445" errors="0">
  <testcase name="loginTest" time="1.445" classname="com.inetbanking.testCases.TC_LoginTest_001"/>
</testsuite> <!-- com.inetbanking.testCases.TC_LoginTest_001 -->
